[debug] [2024-03-14T08:22:58.804Z] ----------------------------------------------------------------------
[debug] [2024-03-14T08:22:58.806Z] Command:       D:\node.exe C:\Users\Arunava Chakraborty\AppData\Roaming\npm\node_modules\firebase-tools\lib\bin\firebase.js init
[debug] [2024-03-14T08:22:58.806Z] CLI Version:   13.5.0
[debug] [2024-03-14T08:22:58.806Z] Platform:      win32
[debug] [2024-03-14T08:22:58.806Z] Node Version:  v20.8.0
[debug] [2024-03-14T08:22:58.807Z] Time:          Thu Mar 14 2024 13:52:58 GMT+0530 (India Standard Time)
[debug] [2024-03-14T08:22:58.807Z] ----------------------------------------------------------------------
[debug] 
[debug] [2024-03-14T08:22:58.811Z] > command requires scopes: ["email","openid","https://www.googleapis.com/auth/cloudplatformprojects.readonly","https://www.googleapis.com/auth/firebase","https://www.googleapis.com/auth/cloud-platform"]
[debug] [2024-03-14T08:22:58.811Z] > authorizing via signed-in user (ilovedhoni00717@gmail.com)
[info] 
     ######## #### ########  ######## ########     ###     ######  ########
     ##        ##  ##     ## ##       ##     ##  ##   ##  ##       ##
     ######    ##  ########  ######   ########  #########  ######  ######
     ##        ##  ##    ##  ##       ##     ## ##     ##       ## ##
     ##       #### ##     ## ######## ########  ##     ##  ######  ########

You're about to initialize a Firebase project in this directory:

  C:\Users\Arunava Chakraborty\Desktop\shop

[info] 
=== Project Setup
[info] 
[info] First, let's associate this project directory with a Firebase project.
[info] You can create multiple project aliases by running firebase use --add, 
[info] but for now we'll just set up a default project.
[info] 
[debug] [2024-03-14T08:23:23.473Z] >>> [apiv2][query] GET https://firebase.googleapis.com/v1beta1/projects pageSize=100
[debug] [2024-03-14T08:23:24.321Z] <<< [apiv2][status] GET https://firebase.googleapis.com/v1beta1/projects 200
[debug] [2024-03-14T08:23:24.321Z] <<< [apiv2][body] GET https://firebase.googleapis.com/v1beta1/projects [omitted]
[debug] [2024-03-14T08:24:26.326Z] ----------------------------------------------------------------------
[debug] [2024-03-14T08:24:26.328Z] Command:       D:\node.exe C:\Users\Arunava Chakraborty\AppData\Roaming\npm\node_modules\firebase-tools\lib\bin\firebase.js init
[debug] [2024-03-14T08:24:26.329Z] CLI Version:   13.5.0
[debug] [2024-03-14T08:24:26.329Z] Platform:      win32
[debug] [2024-03-14T08:24:26.329Z] Node Version:  v20.8.0
[debug] [2024-03-14T08:24:26.329Z] Time:          Thu Mar 14 2024 13:54:26 GMT+0530 (India Standard Time)
[debug] [2024-03-14T08:24:26.329Z] ----------------------------------------------------------------------
[debug] 
[debug] [2024-03-14T08:24:26.333Z] > command requires scopes: ["email","openid","https://www.googleapis.com/auth/cloudplatformprojects.readonly","https://www.googleapis.com/auth/firebase","https://www.googleapis.com/auth/cloud-platform"]
[debug] [2024-03-14T08:24:26.334Z] > authorizing via signed-in user (ilovedhoni00717@gmail.com)
[info] 
     ######## #### ########  ######## ########     ###     ######  ########
     ##        ##  ##     ## ##       ##     ##  ##   ##  ##       ##
     ######    ##  ########  ######   ########  #########  ######  ######
     ##        ##  ##    ##  ##       ##     ## ##     ##       ## ##
     ##       #### ##     ## ######## ########  ##     ##  ######  ########

You're about to initialize a Firebase project in this directory:

  C:\Users\Arunava Chakraborty\Desktop\shop

[info] 
=== Project Setup
[info] 
[info] First, let's associate this project directory with a Firebase project.
[info] You can create multiple project aliases by running firebase use --add, 
[info] but for now we'll just set up a default project.
[info] 
[info] i  If you want to create a project in a Google Cloud organization or folder, please use "firebase projects:create" instead, and return to this command when you've created the project. 
[debug] [2024-03-14T08:25:23.407Z] >>> [apiv2][query] POST https://cloudresourcemanager.googleapis.com/v1/projects [none]
[debug] [2024-03-14T08:25:23.408Z] >>> [apiv2][body] POST https://cloudresourcemanager.googleapis.com/v1/projects {"projectId":"123456","name":"myapp"}
[debug] [2024-03-14T08:25:25.167Z] <<< [apiv2][status] POST https://cloudresourcemanager.googleapis.com/v1/projects 400
[debug] [2024-03-14T08:25:25.167Z] <<< [apiv2][body] POST https://cloudresourcemanager.googleapis.com/v1/projects {"error":{"code":400,"message":"field [project_id] has issue [project_id contains invalid characters]","status":"INVALID_ARGUMENT","details":[{"@type":"type.googleapis.com/google.rpc.BadRequest","fieldViolations":[{"field":"project_id","description":"project_id contains invalid characters"}]},{"@type":"type.googleapis.com/google.rpc.Help","links":[{"url":"https://cloud.google.com/resource-manager/reference/rest/v1/projects"}]}]}}
[debug] [2024-03-14T08:25:25.420Z] FirebaseError: HTTP Error: 400, field [project_id] has issue [project_id contains invalid characters]
    at responseToError (C:\Users\Arunava Chakraborty\AppData\Roaming\npm\node_modules\firebase-tools\lib\responseToError.js:49:12)
    at RetryOperation._fn (C:\Users\Arunava Chakraborty\AppData\Roaming\npm\node_modules\firebase-tools\lib\apiv2.js:297:77)
    at process.processTicksAndRejections (node:internal/process/task_queues:95:5)
[error] 
[error] Error: Failed to create project. See firebase-debug.log for more info.
